<?xml version="1.0" encoding="UTF-8"?>
<testng-results skipped="0" failed="0" ignored="0" total="1" passed="1">
  <reporter-output>
  </reporter-output>
  <suite name="Android Mobile Demo Suite" duration-ms="50306" started-at="2023-03-14T10:40:54Z" finished-at="2023-03-14T10:41:44Z">
    <groups>
    </groups>
    <test name="Simple execution tests Android" duration-ms="50306" started-at="2023-03-14T10:40:54Z" finished-at="2023-03-14T10:41:44Z">
      <class name="appium.ParallelTest">
        <test-method status="PASS" signature="setup()[pri:0, instance:appium.ParallelTest@5315b42e]" name="setup" is-config="true" duration-ms="49258" started-at="2023-03-14T10:40:54Z" finished-at="2023-03-14T10:41:43Z">
          <reporter-output>
          </reporter-output>
        </test-method> <!-- setup -->
        <test-method status="PASS" signature="test()[pri:0, instance:appium.ParallelTest@5315b42e]" name="test" duration-ms="1012" started-at="2023-03-14T10:41:43Z" finished-at="2023-03-14T10:41:44Z">
          <reporter-output>
          </reporter-output>
        </test-method> <!-- test -->
      </class> <!-- appium.ParallelTest -->
    </test> <!-- Simple execution tests Android -->
  </suite> <!-- Android Mobile Demo Suite -->
</testng-results>
