<?xml version="1.0" encoding="UTF-8"?>
<testng-results skipped="0" failed="0" ignored="0" total="1" passed="1">
  <reporter-output>
  </reporter-output>
  <suite name="Default suite" duration-ms="63079" started-at="2023-03-14T10:18:01Z" finished-at="2023-03-14T10:19:04Z">
    <groups>
    </groups>
    <test name="Default test" duration-ms="63079" started-at="2023-03-14T10:18:01Z" finished-at="2023-03-14T10:19:04Z">
      <class name="appium.ParallelTest">
        <test-method status="PASS" signature="setup()[pri:0, instance:appium.ParallelTest@4690b489]" name="setup" is-config="true" duration-ms="62042" started-at="2023-03-14T10:18:01Z" finished-at="2023-03-14T10:19:03Z">
          <reporter-output>
          </reporter-output>
        </test-method> <!-- setup -->
        <test-method status="PASS" signature="test()[pri:0, instance:appium.ParallelTest@4690b489]" name="test" duration-ms="1013" started-at="2023-03-14T10:19:03Z" finished-at="2023-03-14T10:19:04Z">
          <reporter-output>
          </reporter-output>
        </test-method> <!-- test -->
      </class> <!-- appium.ParallelTest -->
    </test> <!-- Default test -->
  </suite> <!-- Default suite -->
</testng-results>
